2015-05-05 21:47:40,278 INFO  [main][org.godhuli.rhipe.RHMR] Adding to cache file:/tmp/rhipe-temp-params-498cbc291006f682e456c1c0c3db88d0#rhipe-temp-params-498cbc291006f682e456c1c0c3db88d0
2015-05-05 21:47:40,292 DEBUG [main][org.godhuli.rhipe.RHMR] /results/NYC/origin/NYCCancel-Week
2015-05-05 21:47:40,545 INFO  [main][org.apache.hadoop.mapreduce.lib.input.FileInputFormat] Total input paths to process : 2
2015-05-05 21:47:40,560 WARN  [main][org.apache.hadoop.util.NativeCodeLoader] Unable to load native-hadoop library for your platform... using builtin-java classes where applicable
2015-05-05 21:47:40,561 WARN  [main][org.apache.hadoop.io.compress.snappy.LoadSnappy] Snappy native library not loaded
2015-05-05 21:51:13,654 INFO  [main][org.godhuli.rhipe.FileUtils] Deleted hdfs://localhost:9000/results/NYC/origin/NYCCancel-Week
2015-05-05 21:57:23,326 INFO  [main][org.godhuli.rhipe.RHMR] Adding to cache file:/tmp/rhipe-temp-params-f82a2d879a60ee52b209ead50ae9a549#rhipe-temp-params-f82a2d879a60ee52b209ead50ae9a549
2015-05-05 21:57:23,343 DEBUG [main][org.godhuli.rhipe.RHMR] /results/NYC/origin/NYCCancel-Week
2015-05-05 21:57:23,694 INFO  [main][org.apache.hadoop.mapreduce.lib.input.FileInputFormat] Total input paths to process : 2
2015-05-05 21:57:23,757 WARN  [main][org.apache.hadoop.util.NativeCodeLoader] Unable to load native-hadoop library for your platform... using builtin-java classes where applicable
2015-05-05 21:57:23,757 WARN  [main][org.apache.hadoop.io.compress.snappy.LoadSnappy] Snappy native library not loaded
2015-05-05 22:00:06,097 INFO  [main][org.godhuli.rhipe.FileUtils] Deleted hdfs://localhost:9000/results/NYC/origin/NYCCancel-Week
2015-05-05 22:11:19,640 INFO  [main][org.godhuli.rhipe.RHMR] Adding to cache file:/tmp/rhipe-temp-params-35d458680ed80151b4aa527a1a1cfc0d#rhipe-temp-params-35d458680ed80151b4aa527a1a1cfc0d
2015-05-05 22:11:19,652 DEBUG [main][org.godhuli.rhipe.RHMR] /results/NYC/origin/NYCCancel-Week
2015-05-05 22:11:19,862 INFO  [main][org.apache.hadoop.mapreduce.lib.input.FileInputFormat] Total input paths to process : 2
2015-05-05 22:11:19,883 WARN  [main][org.apache.hadoop.util.NativeCodeLoader] Unable to load native-hadoop library for your platform... using builtin-java classes where applicable
2015-05-05 22:11:19,884 WARN  [main][org.apache.hadoop.io.compress.snappy.LoadSnappy] Snappy native library not loaded
2015-05-05 22:46:59,757 INFO  [main][org.godhuli.rhipe.RHMR] Adding to cache file:/tmp/rhipe-temp-params-5a8e98314181382670076d57f2022869#rhipe-temp-params-5a8e98314181382670076d57f2022869
2015-05-05 22:46:59,771 DEBUG [main][org.godhuli.rhipe.RHMR] /results/NYC/origin/NYCCancel-Week
2015-05-05 22:47:00,050 INFO  [main][org.apache.hadoop.mapreduce.lib.input.FileInputFormat] Total input paths to process : 2
2015-05-05 22:47:00,084 WARN  [main][org.apache.hadoop.util.NativeCodeLoader] Unable to load native-hadoop library for your platform... using builtin-java classes where applicable
2015-05-05 22:47:00,084 WARN  [main][org.apache.hadoop.io.compress.snappy.LoadSnappy] Snappy native library not loaded
